{"contracts/mock/ConnextHandlerMock.sol":{"l":{"13":6,"17":11,"18":11,"22":0},"path":"/Users/ale/Desktop/QuantumTunnel/contracts/mock/ConnextHandlerMock.sol","s":{"1":6,"2":11,"3":11,"4":0},"b":{},"f":{"1":6,"2":11,"3":0},"fnMap":{"1":{"name":"constructor","line":12,"loc":{"start":{"line":12,"column":4},"end":{"line":14,"column":4}}},"2":{"name":"xcall","line":16,"loc":{"start":{"line":16,"column":4},"end":{"line":19,"column":4}}},"3":{"name":"getArgs","line":21,"loc":{"start":{"line":21,"column":4},"end":{"line":23,"column":4}}}},"statementMap":{"1":{"start":{"line":13,"column":8},"end":{"line":13,"column":27}},"2":{"start":{"line":17,"column":8},"end":{"line":17,"column":19}},"3":{"start":{"line":18,"column":8},"end":{"line":18,"column":25}},"4":{"start":{"line":22,"column":8},"end":{"line":22,"column":19}}},"branchMap":{}},"contracts/mock/ExecutorMock.sol":{"l":{"16":2,"17":2,"21":9,"22":9},"path":"/Users/ale/Desktop/QuantumTunnel/contracts/mock/ExecutorMock.sol","s":{"1":2,"2":2,"3":9,"4":9},"b":{"1":[7,2]},"f":{"1":12,"2":2,"3":9},"fnMap":{"1":{"name":"constructor","line":13,"loc":{"start":{"line":13,"column":4},"end":{"line":13,"column":19}}},"2":{"name":"setOrigins","line":15,"loc":{"start":{"line":15,"column":4},"end":{"line":18,"column":4}}},"3":{"name":"execute","line":20,"loc":{"start":{"line":20,"column":4},"end":{"line":23,"column":4}}}},"statementMap":{"1":{"start":{"line":16,"column":8},"end":{"line":16,"column":35}},"2":{"start":{"line":17,"column":8},"end":{"line":17,"column":23}},"3":{"start":{"line":21,"column":8},"end":{"line":21,"column":71}},"4":{"start":{"line":22,"column":8},"end":{"line":22,"column":37}}},"branchMap":{"1":{"line":22,"type":"if","locations":[{"start":{"line":22,"column":8},"end":{"line":22,"column":8}},{"start":{"line":22,"column":8},"end":{"line":22,"column":8}}]}}},"contracts/receiver/QuantumTunnelL2.sol":{"l":{"32":7,"38":6,"42":3,"43":3,"44":3,"45":3,"54":5,"56":4,"57":3,"62":2,"64":1,"65":1,"67":1,"73":1,"83":6,"84":6,"91":1,"95":2,"99":1,"103":1,"112":1,"114":1,"126":1,"133":1},"path":"/Users/ale/Desktop/QuantumTunnel/contracts/receiver/QuantumTunnelL2.sol","s":{"1":7,"2":3,"3":3,"4":3,"5":3,"6":5,"7":4,"8":3,"9":2,"10":1,"11":1,"12":1,"13":1,"14":6,"15":6,"16":1,"17":2,"18":1,"19":1,"20":1,"21":1,"22":1,"23":1},"b":{"1":[6,1],"2":[4,1],"3":[3,1],"4":[2,1],"5":[1,1]},"f":{"1":7,"2":3,"3":5,"4":6,"5":1,"6":2,"7":1,"8":1,"9":1},"fnMap":{"1":{"name":"onlyExecutor","line":31,"loc":{"start":{"line":31,"column":4},"end":{"line":39,"column":4}}},"2":{"name":"constructor","line":41,"loc":{"start":{"line":41,"column":4},"end":{"line":46,"column":4}}},"3":{"name":"withdraw","line":48,"loc":{"start":{"line":48,"column":4},"end":{"line":74,"column":4}}},"4":{"name":"executeXCallMint","line":82,"loc":{"start":{"line":77,"column":4},"end":{"line":85,"column":4}}},"5":{"name":"mapContract","line":89,"loc":{"start":{"line":87,"column":4},"end":{"line":92,"column":4}}},"6":{"name":"setOrigin","line":94,"loc":{"start":{"line":94,"column":4},"end":{"line":96,"column":4}}},"7":{"name":"setRecovery","line":98,"loc":{"start":{"line":98,"column":4},"end":{"line":100,"column":4}}},"8":{"name":"setCallback","line":102,"loc":{"start":{"line":102,"column":4},"end":{"line":104,"column":4}}},"9":{"name":"_triggerXCall","line":106,"loc":{"start":{"line":106,"column":4},"end":{"line":134,"column":4}}}},"statementMap":{"1":{"start":{"line":32,"column":8},"end":{"line":32,"column":1069}},"2":{"start":{"line":42,"column":8},"end":{"line":42,"column":35}},"3":{"start":{"line":43,"column":8},"end":{"line":43,"column":25}},"4":{"start":{"line":44,"column":8},"end":{"line":44,"column":28}},"5":{"start":{"line":45,"column":8},"end":{"line":45,"column":31}},"6":{"start":{"line":54,"column":8},"end":{"line":54,"column":73}},"7":{"start":{"line":56,"column":8},"end":{"line":56,"column":78}},"8":{"start":{"line":57,"column":8},"end":{"line":57,"column":1916}},"9":{"start":{"line":62,"column":8},"end":{"line":62,"column":78}},"10":{"start":{"line":64,"column":8},"end":{"line":64,"column":39}},"11":{"start":{"line":65,"column":8},"end":{"line":65,"column":55}},"12":{"start":{"line":67,"column":8},"end":{"line":67,"column":2241}},"13":{"start":{"line":73,"column":8},"end":{"line":73,"column":69}},"14":{"start":{"line":83,"column":8},"end":{"line":83,"column":47}},"15":{"start":{"line":84,"column":8},"end":{"line":84,"column":62}},"16":{"start":{"line":91,"column":8},"end":{"line":91,"column":43}},"17":{"start":{"line":95,"column":8},"end":{"line":95,"column":39}},"18":{"start":{"line":99,"column":8},"end":{"line":99,"column":27}},"19":{"start":{"line":103,"column":8},"end":{"line":103,"column":27}},"20":{"start":{"line":112,"column":8},"end":{"line":112,"column":49}},"21":{"start":{"line":114,"column":8},"end":{"line":114,"column":3525}},"22":{"start":{"line":126,"column":8},"end":{"line":126,"column":3909}},"23":{"start":{"line":133,"column":8},"end":{"line":133,"column":49}}},"branchMap":{"1":{"line":32,"type":"if","locations":[{"start":{"line":32,"column":8},"end":{"line":32,"column":8}},{"start":{"line":32,"column":8},"end":{"line":32,"column":8}}]},"2":{"line":54,"type":"if","locations":[{"start":{"line":54,"column":8},"end":{"line":54,"column":8}},{"start":{"line":54,"column":8},"end":{"line":54,"column":8}}]},"3":{"line":56,"type":"if","locations":[{"start":{"line":56,"column":8},"end":{"line":56,"column":8}},{"start":{"line":56,"column":8},"end":{"line":56,"column":8}}]},"4":{"line":57,"type":"if","locations":[{"start":{"line":57,"column":8},"end":{"line":57,"column":8}},{"start":{"line":57,"column":8},"end":{"line":57,"column":8}}]},"5":{"line":62,"type":"if","locations":[{"start":{"line":62,"column":8},"end":{"line":62,"column":8}},{"start":{"line":62,"column":8},"end":{"line":62,"column":8}}]}}},"contracts/sender/QuantumTunnelL1.sol":{"l":{"36":2,"37":2,"43":1,"51":3,"52":3,"53":3,"54":3,"55":3,"57":3,"68":15,"69":14,"73":13,"74":12,"78":11,"83":10,"85":10,"88":10,"89":10,"90":10,"92":10,"102":10,"104":10,"112":1,"119":1,"120":1,"121":1,"123":1,"125":1,"129":4,"134":3,"140":2,"149":3,"154":1,"158":2,"162":1,"166":1,"174":1,"182":1,"191":10,"193":10,"205":10,"212":10},"path":"/Users/ale/Desktop/QuantumTunnel/contracts/sender/QuantumTunnelL1.sol","s":{"1":2,"2":2,"3":3,"4":3,"5":3,"6":3,"7":3,"8":3,"9":15,"10":14,"11":13,"12":12,"13":11,"14":10,"15":10,"16":10,"17":10,"18":10,"19":10,"20":10,"21":10,"22":1,"23":1,"24":1,"25":1,"26":1,"27":1,"28":4,"29":3,"30":2,"31":3,"32":1,"33":2,"34":1,"35":1,"36":1,"37":1,"38":10,"39":10,"40":10,"41":10},"b":{"1":[1,1],"2":[14,1],"3":[13,1],"4":[12,1],"5":[11,1],"6":[10,1],"7":[3,1],"8":[2,1]},"f":{"1":2,"2":3,"3":15,"4":1,"5":4,"6":3,"7":1,"8":2,"9":1,"10":1,"11":1,"12":1,"13":10},"fnMap":{"1":{"name":"onlyExecutor","line":35,"loc":{"start":{"line":35,"column":4},"end":{"line":44,"column":4}}},"2":{"name":"constructor","line":50,"loc":{"start":{"line":46,"column":4},"end":{"line":58,"column":4}}},"3":{"name":"deposit","line":60,"loc":{"start":{"line":60,"column":4},"end":{"line":105,"column":4}}},"4":{"name":"executeXCallWithdraw","line":109,"loc":{"start":{"line":107,"column":4},"end":{"line":126,"column":4}}},"5":{"name":"emergencyWithdraw","line":128,"loc":{"start":{"line":128,"column":4},"end":{"line":145,"column":4}}},"6":{"name":"enableEmergencyWithdraw","line":148,"loc":{"start":{"line":148,"column":4},"end":{"line":150,"column":4}}},"7":{"name":"enableToken","line":153,"loc":{"start":{"line":153,"column":4},"end":{"line":155,"column":4}}},"8":{"name":"setLockDuration","line":157,"loc":{"start":{"line":157,"column":4},"end":{"line":159,"column":4}}},"9":{"name":"setRecovery","line":161,"loc":{"start":{"line":161,"column":4},"end":{"line":163,"column":4}}},"10":{"name":"setCallback","line":165,"loc":{"start":{"line":165,"column":4},"end":{"line":167,"column":4}}},"11":{"name":"setOriginContract","line":172,"loc":{"start":{"line":170,"column":4},"end":{"line":175,"column":4}}},"12":{"name":"setDestinationReceiver","line":180,"loc":{"start":{"line":178,"column":4},"end":{"line":183,"column":4}}},"13":{"name":"_triggerXCall","line":185,"loc":{"start":{"line":185,"column":4},"end":{"line":213,"column":4}}}},"statementMap":{"1":{"start":{"line":36,"column":8},"end":{"line":36,"column":60}},"2":{"start":{"line":37,"column":8},"end":{"line":37,"column":1566}},"3":{"start":{"line":51,"column":8},"end":{"line":51,"column":25}},"4":{"start":{"line":52,"column":8},"end":{"line":52,"column":43}},"5":{"start":{"line":53,"column":8},"end":{"line":53,"column":33}},"6":{"start":{"line":54,"column":8},"end":{"line":54,"column":28}},"7":{"start":{"line":55,"column":8},"end":{"line":55,"column":31}},"8":{"start":{"line":57,"column":8},"end":{"line":57,"column":37}},"9":{"start":{"line":68,"column":8},"end":{"line":68,"column":73}},"10":{"start":{"line":69,"column":8},"end":{"line":69,"column":2491}},"11":{"start":{"line":73,"column":8},"end":{"line":73,"column":71}},"12":{"start":{"line":74,"column":8},"end":{"line":74,"column":2682}},"13":{"start":{"line":78,"column":8},"end":{"line":78,"column":2811}},"14":{"start":{"line":83,"column":8},"end":{"line":83,"column":61}},"15":{"start":{"line":85,"column":8},"end":{"line":85,"column":72}},"16":{"start":{"line":88,"column":8},"end":{"line":88,"column":59}},"17":{"start":{"line":89,"column":8},"end":{"line":89,"column":63}},"18":{"start":{"line":90,"column":8},"end":{"line":90,"column":67}},"19":{"start":{"line":92,"column":8},"end":{"line":92,"column":3333}},"20":{"start":{"line":102,"column":8},"end":{"line":102,"column":74}},"21":{"start":{"line":104,"column":8},"end":{"line":104,"column":74}},"22":{"start":{"line":112,"column":8},"end":{"line":112,"column":3911}},"23":{"start":{"line":119,"column":8},"end":{"line":119,"column":38}},"24":{"start":{"line":120,"column":8},"end":{"line":120,"column":54}},"25":{"start":{"line":121,"column":8},"end":{"line":121,"column":42}},"26":{"start":{"line":123,"column":8},"end":{"line":123,"column":37}},"27":{"start":{"line":125,"column":8},"end":{"line":125,"column":59}},"28":{"start":{"line":129,"column":8},"end":{"line":129,"column":4407}},"29":{"start":{"line":134,"column":8},"end":{"line":134,"column":4579}},"30":{"start":{"line":140,"column":8},"end":{"line":140,"column":4740}},"31":{"start":{"line":149,"column":8},"end":{"line":149,"column":38}},"32":{"start":{"line":154,"column":8},"end":{"line":154,"column":36}},"33":{"start":{"line":158,"column":8},"end":{"line":158,"column":39}},"34":{"start":{"line":162,"column":8},"end":{"line":162,"column":27}},"35":{"start":{"line":166,"column":8},"end":{"line":166,"column":27}},"36":{"start":{"line":174,"column":8},"end":{"line":174,"column":50}},"37":{"start":{"line":182,"column":8},"end":{"line":182,"column":42}},"38":{"start":{"line":191,"column":8},"end":{"line":191,"column":66}},"39":{"start":{"line":193,"column":8},"end":{"line":193,"column":6227}},"40":{"start":{"line":205,"column":8},"end":{"line":205,"column":6615}},"41":{"start":{"line":212,"column":8},"end":{"line":212,"column":49}}},"branchMap":{"1":{"line":37,"type":"if","locations":[{"start":{"line":37,"column":8},"end":{"line":37,"column":8}},{"start":{"line":37,"column":8},"end":{"line":37,"column":8}}]},"2":{"line":68,"type":"if","locations":[{"start":{"line":68,"column":8},"end":{"line":68,"column":8}},{"start":{"line":68,"column":8},"end":{"line":68,"column":8}}]},"3":{"line":69,"type":"if","locations":[{"start":{"line":69,"column":8},"end":{"line":69,"column":8}},{"start":{"line":69,"column":8},"end":{"line":69,"column":8}}]},"4":{"line":73,"type":"if","locations":[{"start":{"line":73,"column":8},"end":{"line":73,"column":8}},{"start":{"line":73,"column":8},"end":{"line":73,"column":8}}]},"5":{"line":74,"type":"if","locations":[{"start":{"line":74,"column":8},"end":{"line":74,"column":8}},{"start":{"line":74,"column":8},"end":{"line":74,"column":8}}]},"6":{"line":78,"type":"if","locations":[{"start":{"line":78,"column":8},"end":{"line":78,"column":8}},{"start":{"line":78,"column":8},"end":{"line":78,"column":8}}]},"7":{"line":129,"type":"if","locations":[{"start":{"line":129,"column":8},"end":{"line":129,"column":8}},{"start":{"line":129,"column":8},"end":{"line":129,"column":8}}]},"8":{"line":134,"type":"if","locations":[{"start":{"line":134,"column":8},"end":{"line":134,"column":8}},{"start":{"line":134,"column":8},"end":{"line":134,"column":8}}]}}},"contracts/tokens/L1Token.sol":{"l":{"11":6,"15":0,"19":2},"path":"/Users/ale/Desktop/QuantumTunnel/contracts/tokens/L1Token.sol","s":{"1":6,"2":0,"3":2},"b":{},"f":{"1":6,"2":0,"3":2},"fnMap":{"1":{"name":"constructor","line":10,"loc":{"start":{"line":10,"column":4},"end":{"line":12,"column":4}}},"2":{"name":"_baseURI","line":14,"loc":{"start":{"line":14,"column":4},"end":{"line":16,"column":4}}},"3":{"name":"mint","line":18,"loc":{"start":{"line":18,"column":4},"end":{"line":20,"column":4}}}},"statementMap":{"1":{"start":{"line":11,"column":8},"end":{"line":11,"column":21}},"2":{"start":{"line":15,"column":8},"end":{"line":15,"column":22}},"3":{"start":{"line":19,"column":8},"end":{"line":19,"column":33}}},"branchMap":{}},"contracts/tokens/L2Token.sol":{"l":{"11":3,"15":0,"19":7,"23":1},"path":"/Users/ale/Desktop/QuantumTunnel/contracts/tokens/L2Token.sol","s":{"1":3,"2":0,"3":7,"4":1},"b":{},"f":{"1":3,"2":0,"3":7,"4":1},"fnMap":{"1":{"name":"constructor","line":10,"loc":{"start":{"line":10,"column":4},"end":{"line":12,"column":4}}},"2":{"name":"_baseURI","line":14,"loc":{"start":{"line":14,"column":4},"end":{"line":16,"column":4}}},"3":{"name":"mint","line":18,"loc":{"start":{"line":18,"column":4},"end":{"line":20,"column":4}}},"4":{"name":"burn","line":22,"loc":{"start":{"line":22,"column":4},"end":{"line":24,"column":4}}}},"statementMap":{"1":{"start":{"line":11,"column":8},"end":{"line":11,"column":21}},"2":{"start":{"line":15,"column":8},"end":{"line":15,"column":22}},"3":{"start":{"line":19,"column":8},"end":{"line":19,"column":31}},"4":{"start":{"line":23,"column":8},"end":{"line":23,"column":21}}},"branchMap":{}}}