{"contracts/interfaces/IGlobalRandom.sol":{"l":{},"path":"/Users/ale/Desktop/Wizards/QuantumTunnel/contracts/interfaces/IGlobalRandom.sol","s":{},"b":{},"f":{},"fnMap":{},"statementMap":{},"branchMap":{}},"contracts/quests/AbstractQuestLoop.sol":{"l":{"56":4,"60":2},"path":"/Users/ale/Desktop/Wizards/QuantumTunnel/contracts/quests/AbstractQuestLoop.sol","s":{"1":4,"2":2},"b":{},"f":{"1":4,"2":2},"fnMap":{"1":{"name":"getNrQuests","line":55,"loc":{"start":{"line":55,"column":4},"end":{"line":57,"column":4}}},"2":{"name":"getQuest","line":59,"loc":{"start":{"line":59,"column":4},"end":{"line":61,"column":4}}}},"statementMap":{"1":{"start":{"line":56,"column":8},"end":{"line":56,"column":30}},"2":{"start":{"line":60,"column":8},"end":{"line":60,"column":32}}},"branchMap":{}},"contracts/quests/BaseQuest.sol":{"l":{"20":2,"21":1,"22":1,"23":1,"24":1,"25":1,"26":1,"27":1,"32":6,"37":5,"38":5,"39":5,"41":5,"42":15,"43":15,"44":15,"45":15,"46":15,"49":5,"59":5,"60":5,"68":2,"69":2,"71":2,"75":2,"76":2,"77":2,"81":2,"85":2,"90":2,"91":2,"94":2,"95":1,"96":1,"97":1,"106":0,"107":0,"109":0,"113":0,"119":0,"120":0,"122":0,"127":0,"128":0},"path":"/Users/ale/Desktop/Wizards/QuantumTunnel/contracts/quests/BaseQuest.sol","s":{"1":2,"2":1,"3":1,"4":1,"5":1,"6":1,"7":1,"8":1,"9":6,"10":5,"11":5,"12":5,"13":5,"14":15,"15":15,"16":15,"17":15,"18":15,"19":5,"20":5,"21":5,"22":2,"23":2,"24":2,"25":2,"26":2,"27":2,"28":2,"29":2,"30":2,"31":2,"32":2,"33":1,"34":1,"35":1,"36":0,"37":0,"38":0,"39":0,"40":0,"41":0,"42":0,"43":0,"44":0},"b":{"1":[1,1],"2":[5,1],"3":[2,0],"4":[2,0],"5":[2,0],"6":[2,0],"7":[2,0],"8":[2,0],"9":[1,1],"10":[0,0],"11":[0,0],"12":[0,0],"13":[0,0]},"f":{"1":2,"2":6,"3":2,"4":0},"fnMap":{"1":{"name":"initialize","line":11,"loc":{"start":{"line":11,"column":4},"end":{"line":28,"column":4}}},"2":{"name":"createQuest","line":31,"loc":{"start":{"line":31,"column":4},"end":{"line":61,"column":4}}},"3":{"name":"acceptQuest","line":63,"loc":{"start":{"line":63,"column":4},"end":{"line":99,"column":4}}},"4":{"name":"completeQuest","line":101,"loc":{"start":{"line":101,"column":4},"end":{"line":130,"column":4}}}},"statementMap":{"1":{"start":{"line":20,"column":8},"end":{"line":20,"column":69}},"2":{"start":{"line":21,"column":8},"end":{"line":21,"column":39}},"3":{"start":{"line":22,"column":8},"end":{"line":22,"column":37}},"4":{"start":{"line":23,"column":8},"end":{"line":23,"column":37}},"5":{"start":{"line":24,"column":8},"end":{"line":24,"column":31}},"6":{"start":{"line":25,"column":8},"end":{"line":25,"column":39}},"7":{"start":{"line":26,"column":8},"end":{"line":26,"column":35}},"8":{"start":{"line":27,"column":8},"end":{"line":27,"column":23}},"9":{"start":{"line":32,"column":8},"end":{"line":32,"column":1006}},"10":{"start":{"line":37,"column":8},"end":{"line":37,"column":67}},"11":{"start":{"line":38,"column":8},"end":{"line":38,"column":59}},"12":{"start":{"line":39,"column":8},"end":{"line":39,"column":61}},"13":{"start":{"line":41,"column":8},"end":{"line":41,"column":1362}},"14":{"start":{"line":42,"column":12},"end":{"line":42,"column":57}},"15":{"start":{"line":43,"column":12},"end":{"line":43,"column":71}},"16":{"start":{"line":44,"column":12},"end":{"line":44,"column":36}},"17":{"start":{"line":45,"column":12},"end":{"line":45,"column":30}},"18":{"start":{"line":46,"column":12},"end":{"line":46,"column":30}},"19":{"start":{"line":49,"column":8},"end":{"line":49,"column":1663}},"20":{"start":{"line":59,"column":8},"end":{"line":59,"column":27}},"21":{"start":{"line":60,"column":8},"end":{"line":60,"column":43}},"22":{"start":{"line":68,"column":8},"end":{"line":68,"column":47}},"23":{"start":{"line":69,"column":8},"end":{"line":69,"column":52}},"24":{"start":{"line":71,"column":8},"end":{"line":71,"column":2300}},"25":{"start":{"line":75,"column":8},"end":{"line":75,"column":72}},"26":{"start":{"line":76,"column":8},"end":{"line":76,"column":77}},"27":{"start":{"line":77,"column":8},"end":{"line":77,"column":2573}},"28":{"start":{"line":81,"column":8},"end":{"line":81,"column":2739}},"29":{"start":{"line":85,"column":8},"end":{"line":85,"column":2876}},"30":{"start":{"line":90,"column":8},"end":{"line":90,"column":39}},"31":{"start":{"line":91,"column":8},"end":{"line":91,"column":29}},"32":{"start":{"line":94,"column":8},"end":{"line":94,"column":3102}},"33":{"start":{"line":95,"column":12},"end":{"line":95,"column":44}},"34":{"start":{"line":96,"column":12},"end":{"line":96,"column":30}},"35":{"start":{"line":97,"column":12},"end":{"line":97,"column":57}},"36":{"start":{"line":106,"column":8},"end":{"line":106,"column":47}},"37":{"start":{"line":107,"column":8},"end":{"line":107,"column":52}},"38":{"start":{"line":109,"column":8},"end":{"line":109,"column":3539}},"39":{"start":{"line":113,"column":8},"end":{"line":113,"column":3673}},"40":{"start":{"line":119,"column":8},"end":{"line":119,"column":3863}},"41":{"start":{"line":120,"column":12},"end":{"line":120,"column":49}},"42":{"start":{"line":122,"column":12},"end":{"line":122,"column":4012}},"43":{"start":{"line":127,"column":12},"end":{"line":127,"column":49}},"44":{"start":{"line":128,"column":12},"end":{"line":128,"column":41}}},"branchMap":{"1":{"line":20,"type":"if","locations":[{"start":{"line":20,"column":8},"end":{"line":20,"column":8}},{"start":{"line":20,"column":8},"end":{"line":20,"column":8}}]},"2":{"line":32,"type":"if","locations":[{"start":{"line":32,"column":8},"end":{"line":32,"column":8}},{"start":{"line":32,"column":8},"end":{"line":32,"column":8}}]},"3":{"line":71,"type":"if","locations":[{"start":{"line":71,"column":8},"end":{"line":71,"column":8}},{"start":{"line":71,"column":8},"end":{"line":71,"column":8}}]},"4":{"line":75,"type":"if","locations":[{"start":{"line":75,"column":8},"end":{"line":75,"column":8}},{"start":{"line":75,"column":8},"end":{"line":75,"column":8}}]},"5":{"line":76,"type":"if","locations":[{"start":{"line":76,"column":8},"end":{"line":76,"column":8}},{"start":{"line":76,"column":8},"end":{"line":76,"column":8}}]},"6":{"line":77,"type":"if","locations":[{"start":{"line":77,"column":8},"end":{"line":77,"column":8}},{"start":{"line":77,"column":8},"end":{"line":77,"column":8}}]},"7":{"line":81,"type":"if","locations":[{"start":{"line":81,"column":8},"end":{"line":81,"column":8}},{"start":{"line":81,"column":8},"end":{"line":81,"column":8}}]},"8":{"line":85,"type":"if","locations":[{"start":{"line":85,"column":8},"end":{"line":85,"column":8}},{"start":{"line":85,"column":8},"end":{"line":85,"column":8}}]},"9":{"line":94,"type":"if","locations":[{"start":{"line":94,"column":8},"end":{"line":94,"column":8}},{"start":{"line":94,"column":8},"end":{"line":94,"column":8}}]},"10":{"line":109,"type":"if","locations":[{"start":{"line":109,"column":8},"end":{"line":109,"column":8}},{"start":{"line":109,"column":8},"end":{"line":109,"column":8}}]},"11":{"line":113,"type":"if","locations":[{"start":{"line":113,"column":8},"end":{"line":113,"column":8}},{"start":{"line":113,"column":8},"end":{"line":113,"column":8}}]},"12":{"line":119,"type":"if","locations":[{"start":{"line":119,"column":8},"end":{"line":119,"column":8}},{"start":{"line":119,"column":8},"end":{"line":119,"column":8}}]},"13":{"line":122,"type":"if","locations":[{"start":{"line":122,"column":12},"end":{"line":122,"column":12}},{"start":{"line":122,"column":12},"end":{"line":122,"column":12}}]}}},"contracts/quests/JollyTavern.sol":{"l":{"18":0,"22":0,"32":3,"36":0,"44":0,"54":0,"61":1,"69":2,"70":2,"78":0,"79":0},"path":"/Users/ale/Desktop/Wizards/QuantumTunnel/contracts/quests/JollyTavern.sol","s":{"1":0,"2":3,"3":0,"4":0,"5":0,"6":1,"7":2,"8":2,"9":0,"10":0},"b":{"1":[0,0]},"f":{"1":0,"2":3,"3":0,"4":0,"5":0,"6":1,"7":2,"8":0},"fnMap":{"1":{"name":"onlyQuestLoop","line":17,"loc":{"start":{"line":17,"column":4},"end":{"line":23,"column":4}}},"2":{"name":"constructor","line":31,"loc":{"start":{"line":31,"column":4},"end":{"line":33,"column":4}}},"3":{"name":"mintSoulGem","line":35,"loc":{"start":{"line":35,"column":4},"end":{"line":37,"column":4}}},"4":{"name":"lockInQuest","line":43,"loc":{"start":{"line":39,"column":4},"end":{"line":48,"column":4}}},"5":{"name":"unlockFromQuest","line":52,"loc":{"start":{"line":50,"column":4},"end":{"line":58,"column":4}}},"6":{"name":"setQuestLoop","line":60,"loc":{"start":{"line":60,"column":4},"end":{"line":62,"column":4}}},"7":{"name":"getIsLocked","line":64,"loc":{"start":{"line":64,"column":4},"end":{"line":71,"column":4}}},"8":{"name":"getQuest","line":73,"loc":{"start":{"line":73,"column":4},"end":{"line":80,"column":4}}}},"statementMap":{"1":{"start":{"line":18,"column":8},"end":{"line":18,"column":482}},"2":{"start":{"line":32,"column":8},"end":{"line":32,"column":27}},"3":{"start":{"line":36,"column":8},"end":{"line":36,"column":39}},"4":{"start":{"line":44,"column":8},"end":{"line":44,"column":1091}},"5":{"start":{"line":54,"column":8},"end":{"line":54,"column":1328}},"6":{"start":{"line":61,"column":8},"end":{"line":61,"column":32}},"7":{"start":{"line":69,"column":8},"end":{"line":69,"column":60}},"8":{"start":{"line":70,"column":8},"end":{"line":70,"column":44}},"9":{"start":{"line":78,"column":8},"end":{"line":78,"column":60}},"10":{"start":{"line":79,"column":8},"end":{"line":79,"column":47}}},"branchMap":{"1":{"line":18,"type":"if","locations":[{"start":{"line":18,"column":8},"end":{"line":18,"column":8}},{"start":{"line":18,"column":8},"end":{"line":18,"column":8}}]}}},"contracts/storage/AbstractPlugin.sol":{"l":{"46":4,"50":2,"54":1,"58":5,"66":4,"68":4,"69":4,"70":18,"71":2,"76":2,"80":6,"81":6,"82":6,"83":6,"84":6,"85":1577,"87":6,"95":18,"108":17,"109":17},"path":"/Users/ale/Desktop/Wizards/QuantumTunnel/contracts/storage/AbstractPlugin.sol","s":{"1":4,"2":2,"3":1,"4":5,"5":4,"6":4,"7":4,"8":18,"9":2,"10":2,"11":6,"12":6,"13":6,"14":6,"15":6,"16":1577,"17":6,"18":18,"19":17,"20":17},"b":{"1":[2,16]},"f":{"1":0,"2":0,"3":4,"4":2,"5":1,"6":5,"7":4,"8":6,"9":18,"10":17},"fnMap":{"1":{"name":"storeTokenData","line":28,"loc":{"start":{"line":28,"column":4},"end":{"line":34,"column":22}}},"2":{"name":"getTokenTraits","line":36,"loc":{"start":{"line":36,"column":4},"end":{"line":41,"column":5}}},"3":{"name":"getUnderlyingToken","line":45,"loc":{"start":{"line":45,"column":4},"end":{"line":47,"column":4}}},"4":{"name":"getNrTraits","line":49,"loc":{"start":{"line":49,"column":4},"end":{"line":51,"column":4}}},"5":{"name":"getTokenName","line":53,"loc":{"start":{"line":53,"column":4},"end":{"line":55,"column":4}}},"6":{"name":"getTokenHasData","line":57,"loc":{"start":{"line":57,"column":4},"end":{"line":59,"column":4}}},"7":{"name":"getTokenHasOneOfTraits","line":61,"loc":{"start":{"line":61,"column":4},"end":{"line":77,"column":4}}},"8":{"name":"getTraitName","line":79,"loc":{"start":{"line":79,"column":4},"end":{"line":88,"column":4}}},"9":{"name":"_verifyName","line":90,"loc":{"start":{"line":90,"column":4},"end":{"line":101,"column":4}}},"10":{"name":"_verifyEncodedTraits","line":103,"loc":{"start":{"line":103,"column":4},"end":{"line":110,"column":4}}}},"statementMap":{"1":{"start":{"line":46,"column":8},"end":{"line":46,"column":27}},"2":{"start":{"line":50,"column":8},"end":{"line":50,"column":24}},"3":{"start":{"line":54,"column":8},"end":{"line":54,"column":66}},"4":{"start":{"line":58,"column":8},"end":{"line":58,"column":61}},"5":{"start":{"line":66,"column":8},"end":{"line":66,"column":56}},"6":{"start":{"line":68,"column":8},"end":{"line":68,"column":1741}},"7":{"start":{"line":69,"column":12},"end":{"line":69,"column":1803}},"8":{"start":{"line":70,"column":16},"end":{"line":70,"column":1870}},"9":{"start":{"line":71,"column":20},"end":{"line":71,"column":31}},"10":{"start":{"line":76,"column":8},"end":{"line":76,"column":20}},"11":{"start":{"line":80,"column":8},"end":{"line":80,"column":64}},"12":{"start":{"line":81,"column":8},"end":{"line":81,"column":40}},"13":{"start":{"line":82,"column":8},"end":{"line":82,"column":67}},"14":{"start":{"line":83,"column":8},"end":{"line":83,"column":37}},"15":{"start":{"line":84,"column":8},"end":{"line":84,"column":2325}},"16":{"start":{"line":85,"column":12},"end":{"line":85,"column":43}},"17":{"start":{"line":87,"column":8},"end":{"line":87,"column":30}},"18":{"start":{"line":95,"column":8},"end":{"line":95,"column":2619}},"19":{"start":{"line":108,"column":8},"end":{"line":108,"column":66}},"20":{"start":{"line":109,"column":8},"end":{"line":109,"column":76}}},"branchMap":{"1":{"line":70,"type":"if","locations":[{"start":{"line":70,"column":16},"end":{"line":70,"column":16}},{"start":{"line":70,"column":16},"end":{"line":70,"column":16}}]}}},"contracts/storage/LostGrimoire.sol":{"l":{"19":39,"23":17,"24":1,"26":17,"27":17,"31":4,"32":4,"33":4,"34":5,"35":4,"36":4,"39":4,"40":1,"42":4,"43":4,"45":4,"52":6,"56":5,"60":4,"61":4,"62":7,"63":7,"65":4,"69":9,"73":3,"74":3,"76":3,"78":2,"80":2,"81":2,"82":2,"83":3,"84":3,"85":3,"86":2,"87":2,"91":2,"95":1,"96":1,"98":1,"99":1,"107":3,"108":3,"112":2,"113":2,"114":2},"path":"/Users/ale/Desktop/Wizards/QuantumTunnel/contracts/storage/LostGrimoire.sol","s":{"1":39,"2":17,"3":1,"4":17,"5":17,"6":4,"7":4,"8":4,"9":5,"10":4,"11":4,"12":1,"13":4,"14":4,"15":6,"16":5,"17":4,"18":4,"19":7,"20":7,"21":4,"22":9,"23":3,"24":3,"25":3,"26":2,"27":2,"28":2,"29":2,"30":3,"31":3,"32":3,"33":2,"34":2,"35":1,"36":1,"37":1,"38":1,"39":3,"40":3,"41":2,"42":2,"43":2},"b":{"1":[1,16],"2":[4,1],"3":[5,1],"4":[4,1],"5":[2,1],"6":[2,1],"7":[2,1]},"f":{"1":39,"2":17,"3":4,"4":6,"5":9,"6":3,"7":1,"8":3},"fnMap":{"1":{"name":"constructor","line":18,"loc":{"start":{"line":18,"column":4},"end":{"line":20,"column":4}}},"2":{"name":"addPlugin","line":22,"loc":{"start":{"line":22,"column":4},"end":{"line":28,"column":4}}},"3":{"name":"removePlugin","line":30,"loc":{"start":{"line":30,"column":4},"end":{"line":46,"column":4}}},"4":{"name":"setTokenWeights","line":50,"loc":{"start":{"line":48,"column":4},"end":{"line":66,"column":4}}},"5":{"name":"getPlugin","line":68,"loc":{"start":{"line":68,"column":4},"end":{"line":70,"column":4}}},"6":{"name":"getRandomToken","line":72,"loc":{"start":{"line":72,"column":4},"end":{"line":92,"column":4}}},"7":{"name":"getRandomTraitIdForToken","line":94,"loc":{"start":{"line":94,"column":4},"end":{"line":100,"column":4}}},"8":{"name":"getHasTrait","line":102,"loc":{"start":{"line":102,"column":4},"end":{"line":115,"column":4}}}},"statementMap":{"1":{"start":{"line":19,"column":8},"end":{"line":19,"column":31}},"2":{"start":{"line":23,"column":8},"end":{"line":23,"column":688}},"3":{"start":{"line":24,"column":12},"end":{"line":24,"column":30}},"4":{"start":{"line":26,"column":8},"end":{"line":26,"column":30}},"5":{"start":{"line":27,"column":8},"end":{"line":27,"column":30}},"6":{"start":{"line":31,"column":8},"end":{"line":31,"column":39}},"7":{"start":{"line":32,"column":8},"end":{"line":32,"column":25}},"8":{"start":{"line":33,"column":8},"end":{"line":33,"column":976}},"9":{"start":{"line":34,"column":12},"end":{"line":34,"column":1040}},"10":{"start":{"line":35,"column":16},"end":{"line":35,"column":24}},"11":{"start":{"line":39,"column":8},"end":{"line":39,"column":1149}},"12":{"start":{"line":40,"column":12},"end":{"line":40,"column":44}},"13":{"start":{"line":43,"column":8},"end":{"line":43,"column":23}},"14":{"start":{"line":45,"column":8},"end":{"line":45,"column":34}},"15":{"start":{"line":52,"column":8},"end":{"line":52,"column":1512}},"16":{"start":{"line":56,"column":8},"end":{"line":56,"column":1643}},"17":{"start":{"line":60,"column":8},"end":{"line":60,"column":24}},"18":{"start":{"line":61,"column":8},"end":{"line":61,"column":1803}},"19":{"start":{"line":62,"column":12},"end":{"line":62,"column":47}},"20":{"start":{"line":63,"column":12},"end":{"line":63,"column":29}},"21":{"start":{"line":65,"column":8},"end":{"line":65,"column":25}},"22":{"start":{"line":69,"column":8},"end":{"line":69,"column":45}},"23":{"start":{"line":73,"column":8},"end":{"line":73,"column":45}},"24":{"start":{"line":74,"column":8},"end":{"line":74,"column":48}},"25":{"start":{"line":76,"column":8},"end":{"line":76,"column":64}},"26":{"start":{"line":78,"column":8},"end":{"line":78,"column":50}},"27":{"start":{"line":80,"column":8},"end":{"line":80,"column":24}},"28":{"start":{"line":81,"column":8},"end":{"line":81,"column":32}},"29":{"start":{"line":82,"column":8},"end":{"line":82,"column":2449}},"30":{"start":{"line":83,"column":12},"end":{"line":83,"column":78}},"31":{"start":{"line":84,"column":12},"end":{"line":84,"column":38}},"32":{"start":{"line":85,"column":12},"end":{"line":85,"column":2626}},"33":{"start":{"line":86,"column":16},"end":{"line":86,"column":26}},"34":{"start":{"line":91,"column":8},"end":{"line":91,"column":18}},"35":{"start":{"line":95,"column":8},"end":{"line":95,"column":52}},"36":{"start":{"line":96,"column":8},"end":{"line":96,"column":48}},"37":{"start":{"line":98,"column":8},"end":{"line":98,"column":63}},"38":{"start":{"line":99,"column":8},"end":{"line":99,"column":20}},"39":{"start":{"line":107,"column":8},"end":{"line":107,"column":52}},"40":{"start":{"line":108,"column":8},"end":{"line":108,"column":3255}},"41":{"start":{"line":112,"column":8},"end":{"line":112,"column":48}},"42":{"start":{"line":113,"column":8},"end":{"line":113,"column":24}},"43":{"start":{"line":114,"column":8},"end":{"line":114,"column":65}}},"branchMap":{"1":{"line":23,"type":"if","locations":[{"start":{"line":23,"column":8},"end":{"line":23,"column":8}},{"start":{"line":23,"column":8},"end":{"line":23,"column":8}}]},"2":{"line":34,"type":"if","locations":[{"start":{"line":34,"column":12},"end":{"line":34,"column":12}},{"start":{"line":34,"column":12},"end":{"line":34,"column":12}}]},"3":{"line":52,"type":"if","locations":[{"start":{"line":52,"column":8},"end":{"line":52,"column":8}},{"start":{"line":52,"column":8},"end":{"line":52,"column":8}}]},"4":{"line":56,"type":"if","locations":[{"start":{"line":56,"column":8},"end":{"line":56,"column":8}},{"start":{"line":56,"column":8},"end":{"line":56,"column":8}}]},"5":{"line":76,"type":"if","locations":[{"start":{"line":76,"column":8},"end":{"line":76,"column":8}},{"start":{"line":76,"column":8},"end":{"line":76,"column":8}}]},"6":{"line":85,"type":"if","locations":[{"start":{"line":85,"column":12},"end":{"line":85,"column":12}},{"start":{"line":85,"column":12},"end":{"line":85,"column":12}}]},"7":{"line":108,"type":"if","locations":[{"start":{"line":108,"column":8},"end":{"line":108,"column":8}},{"start":{"line":108,"column":8},"end":{"line":108,"column":8}}]}}},"contracts/storage/LostGrimoireStorage.sol":{"l":{"11":16,"15":15,"29":15,"30":15,"38":5,"46":1,"54":24,"58":22},"path":"/Users/ale/Desktop/Wizards/QuantumTunnel/contracts/storage/LostGrimoireStorage.sol","s":{"1":16,"2":15,"3":15,"4":5,"5":1,"6":24,"7":22},"b":{"1":[15,1]},"f":{"1":16,"2":63,"3":15,"4":5,"5":1,"6":24,"7":22},"fnMap":{"1":{"name":"onlyWriter","line":10,"loc":{"start":{"line":10,"column":4},"end":{"line":16,"column":4}}},"2":{"name":"constructor","line":18,"loc":{"start":{"line":18,"column":4},"end":{"line":18,"column":29}}},"3":{"name":"storeTokenData","line":28,"loc":{"start":{"line":23,"column":4},"end":{"line":31,"column":4}}},"4":{"name":"getTokenTraits","line":33,"loc":{"start":{"line":33,"column":4},"end":{"line":39,"column":4}}},"5":{"name":"getTokenName","line":41,"loc":{"start":{"line":41,"column":4},"end":{"line":47,"column":4}}},"6":{"name":"hasData","line":49,"loc":{"start":{"line":49,"column":4},"end":{"line":55,"column":4}}},"7":{"name":"setAllowedWriter","line":57,"loc":{"start":{"line":57,"column":4},"end":{"line":59,"column":4}}}},"statementMap":{"1":{"start":{"line":11,"column":8},"end":{"line":11,"column":284}},"2":{"start":{"line":29,"column":8},"end":{"line":29,"column":49}},"3":{"start":{"line":30,"column":8},"end":{"line":30,"column":46}},"4":{"start":{"line":38,"column":8},"end":{"line":38,"column":48}},"5":{"start":{"line":46,"column":8},"end":{"line":46,"column":47}},"6":{"start":{"line":54,"column":8},"end":{"line":54,"column":66}},"7":{"start":{"line":58,"column":8},"end":{"line":58,"column":38}}},"branchMap":{"1":{"line":11,"type":"if","locations":[{"start":{"line":11,"column":8},"end":{"line":11,"column":8}},{"start":{"line":11,"column":8},"end":{"line":11,"column":8}}]}}},"contracts/storage/WizardStoragePlugin.sol":{"l":{"23":102,"24":102,"25":102,"26":102,"27":102,"28":102,"29":102,"39":21,"43":20,"47":19,"52":18,"57":17,"68":17,"73":16,"80":15,"94":5,"105":5,"106":5,"107":5,"108":5,"109":5,"110":5,"111":5,"112":5,"113":5,"130":17,"132":17,"145":17,"162":5},"path":"/Users/ale/Desktop/Wizards/QuantumTunnel/contracts/storage/WizardStoragePlugin.sol","s":{"1":102,"2":102,"3":102,"4":102,"5":102,"6":102,"7":102,"8":21,"9":20,"10":19,"11":18,"12":17,"13":17,"14":16,"15":15,"16":5,"17":5,"18":5,"19":5,"20":5,"21":5,"22":5,"23":5,"24":5,"25":5,"26":17,"27":17},"b":{"1":[20,1],"2":[19,1],"3":[18,1],"4":[17,1],"5":[16,1]},"f":{"1":102,"2":21,"3":5,"4":17,"5":5},"fnMap":{"1":{"name":"constructor","line":16,"loc":{"start":{"line":16,"column":4},"end":{"line":30,"column":4}}},"2":{"name":"storeTokenData","line":32,"loc":{"start":{"line":32,"column":4},"end":{"line":81,"column":4}}},"3":{"name":"getTokenTraits","line":87,"loc":{"start":{"line":87,"column":4},"end":{"line":114,"column":4}}},"4":{"name":"_encode","line":120,"loc":{"start":{"line":120,"column":4},"end":{"line":146,"column":4}}},"5":{"name":"_decode","line":148,"loc":{"start":{"line":148,"column":4},"end":{"line":174,"column":4}}}},"statementMap":{"1":{"start":{"line":23,"column":8},"end":{"line":23,"column":32}},"2":{"start":{"line":24,"column":8},"end":{"line":24,"column":41}},"3":{"start":{"line":25,"column":8},"end":{"line":25,"column":39}},"4":{"start":{"line":26,"column":8},"end":{"line":26,"column":41}},"5":{"start":{"line":27,"column":8},"end":{"line":27,"column":35}},"6":{"start":{"line":28,"column":8},"end":{"line":28,"column":29}},"7":{"start":{"line":29,"column":8},"end":{"line":29,"column":31}},"8":{"start":{"line":39,"column":8},"end":{"line":39,"column":8110}},"9":{"start":{"line":43,"column":8},"end":{"line":43,"column":8244}},"10":{"start":{"line":47,"column":8},"end":{"line":47,"column":8362}},"11":{"start":{"line":52,"column":8},"end":{"line":52,"column":8525}},"12":{"start":{"line":57,"column":8},"end":{"line":57,"column":8682}},"13":{"start":{"line":68,"column":8},"end":{"line":68,"column":8922}},"14":{"start":{"line":73,"column":8},"end":{"line":73,"column":9085}},"15":{"start":{"line":80,"column":8},"end":{"line":80,"column":60}},"16":{"start":{"line":94,"column":8},"end":{"line":94,"column":9552}},"17":{"start":{"line":105,"column":8},"end":{"line":105,"column":52}},"18":{"start":{"line":106,"column":8},"end":{"line":106,"column":25}},"19":{"start":{"line":107,"column":8},"end":{"line":107,"column":25}},"20":{"start":{"line":108,"column":8},"end":{"line":108,"column":25}},"21":{"start":{"line":109,"column":8},"end":{"line":109,"column":25}},"22":{"start":{"line":110,"column":8},"end":{"line":110,"column":25}},"23":{"start":{"line":111,"column":8},"end":{"line":111,"column":25}},"24":{"start":{"line":112,"column":8},"end":{"line":112,"column":25}},"25":{"start":{"line":113,"column":8},"end":{"line":113,"column":25}},"26":{"start":{"line":130,"column":8},"end":{"line":130,"column":41}},"27":{"start":{"line":145,"column":8},"end":{"line":145,"column":19}}},"branchMap":{"1":{"line":39,"type":"if","locations":[{"start":{"line":39,"column":8},"end":{"line":39,"column":8}},{"start":{"line":39,"column":8},"end":{"line":39,"column":8}}]},"2":{"line":43,"type":"if","locations":[{"start":{"line":43,"column":8},"end":{"line":43,"column":8}},{"start":{"line":43,"column":8},"end":{"line":43,"column":8}}]},"3":{"line":47,"type":"if","locations":[{"start":{"line":47,"column":8},"end":{"line":47,"column":8}},{"start":{"line":47,"column":8},"end":{"line":47,"column":8}}]},"4":{"line":52,"type":"if","locations":[{"start":{"line":52,"column":8},"end":{"line":52,"column":8}},{"start":{"line":52,"column":8},"end":{"line":52,"column":8}}]},"5":{"line":68,"type":"if","locations":[{"start":{"line":68,"column":8},"end":{"line":68,"column":8}},{"start":{"line":68,"column":8},"end":{"line":68,"column":8}}]}}},"contracts/tokens/L1/BridgeMintableNFT.sol":{"l":{"11":6,"12":5,"21":5,"25":4,"33":3,"34":3,"36":1,"38":2,"39":2,"40":2,"41":3,"43":2},"path":"/Users/ale/Desktop/Wizards/QuantumTunnel/contracts/tokens/L1/BridgeMintableNFT.sol","s":{"1":6,"2":5,"3":4,"4":3,"5":3,"6":1,"7":2,"8":2,"9":2,"10":3,"11":2},"b":{"1":[5,1],"2":[1,2]},"f":{"1":6,"2":9,"3":5,"4":4,"5":3},"fnMap":{"1":{"name":"onlyMinter","line":10,"loc":{"start":{"line":10,"column":4},"end":{"line":13,"column":4}}},"2":{"name":"constructor","line":17,"loc":{"start":{"line":15,"column":4},"end":{"line":18,"column":5}}},"3":{"name":"mint","line":20,"loc":{"start":{"line":20,"column":4},"end":{"line":22,"column":4}}},"4":{"name":"setMinter","line":24,"loc":{"start":{"line":24,"column":4},"end":{"line":26,"column":4}}},"5":{"name":"tokensOfOwner","line":28,"loc":{"start":{"line":28,"column":4},"end":{"line":45,"column":4}}}},"statementMap":{"1":{"start":{"line":11,"column":8},"end":{"line":11,"column":78}},"2":{"start":{"line":21,"column":8},"end":{"line":21,"column":31}},"3":{"start":{"line":25,"column":8},"end":{"line":25,"column":23}},"4":{"start":{"line":33,"column":8},"end":{"line":33,"column":46}},"5":{"start":{"line":34,"column":8},"end":{"line":34,"column":912}},"6":{"start":{"line":36,"column":12},"end":{"line":36,"column":35}},"7":{"start":{"line":38,"column":12},"end":{"line":38,"column":63}},"8":{"start":{"line":39,"column":12},"end":{"line":39,"column":25}},"9":{"start":{"line":40,"column":12},"end":{"line":40,"column":1134}},"10":{"start":{"line":41,"column":16},"end":{"line":41,"column":65}},"11":{"start":{"line":43,"column":12},"end":{"line":43,"column":25}}},"branchMap":{"1":{"line":11,"type":"if","locations":[{"start":{"line":11,"column":8},"end":{"line":11,"column":8}},{"start":{"line":11,"column":8},"end":{"line":11,"column":8}}]},"2":{"line":34,"type":"if","locations":[{"start":{"line":34,"column":8},"end":{"line":34,"column":8}},{"start":{"line":34,"column":8},"end":{"line":34,"column":8}}]}}},"contracts/tokens/L1/L1SoulGems.sol":{"l":{"10":6,"14":1,"18":1},"path":"/Users/ale/Desktop/Wizards/QuantumTunnel/contracts/tokens/L1/L1SoulGems.sol","s":{"1":6,"2":1,"3":1},"b":{},"f":{"1":6,"2":1,"3":1},"fnMap":{"1":{"name":"constructor","line":9,"loc":{"start":{"line":9,"column":4},"end":{"line":11,"column":4}}},"2":{"name":"setBaseURI","line":13,"loc":{"start":{"line":13,"column":4},"end":{"line":15,"column":4}}},"3":{"name":"_baseURI","line":17,"loc":{"start":{"line":17,"column":4},"end":{"line":19,"column":4}}}},"statementMap":{"1":{"start":{"line":10,"column":8},"end":{"line":10,"column":21}},"2":{"start":{"line":14,"column":8},"end":{"line":14,"column":21}},"3":{"start":{"line":18,"column":8},"end":{"line":18,"column":22}}},"branchMap":{}},"contracts/tokens/L2/AltWizards.sol":{"l":{"16":114,"17":114,"18":114,"22":1,"26":1},"path":"/Users/ale/Desktop/Wizards/QuantumTunnel/contracts/tokens/L2/AltWizards.sol","s":{"1":114,"2":114,"3":114,"4":1,"5":1},"b":{},"f":{"1":114,"2":1,"3":1},"fnMap":{"1":{"name":"constructor","line":15,"loc":{"start":{"line":11,"column":4},"end":{"line":19,"column":4}}},"2":{"name":"setBaseURI","line":21,"loc":{"start":{"line":21,"column":4},"end":{"line":23,"column":4}}},"3":{"name":"_baseURI","line":25,"loc":{"start":{"line":25,"column":4},"end":{"line":27,"column":4}}}},"statementMap":{"1":{"start":{"line":16,"column":8},"end":{"line":16,"column":21}},"2":{"start":{"line":17,"column":8},"end":{"line":17,"column":39}},"3":{"start":{"line":18,"column":8},"end":{"line":18,"column":39}},"4":{"start":{"line":22,"column":8},"end":{"line":22,"column":21}},"5":{"start":{"line":26,"column":8},"end":{"line":26,"column":22}}},"branchMap":{}},"contracts/tokens/L2/ForceTransferableNFT.sol":{"l":{"12":46,"16":44,"20":3,"24":2,"33":40,"37":1,"46":2,"50":10,"54":3,"58":4,"66":9,"67":9,"69":1,"71":8,"72":8,"73":8,"74":16,"76":8},"path":"/Users/ale/Desktop/Wizards/QuantumTunnel/contracts/tokens/L2/ForceTransferableNFT.sol","s":{"1":46,"2":3,"3":40,"4":1,"5":2,"6":10,"7":3,"8":4,"9":9,"10":9,"11":1,"12":8,"13":8,"14":8,"15":16,"16":8},"b":{"1":[44,2],"2":[2,1],"3":[1,8]},"f":{"1":46,"2":3,"3":132,"4":40,"5":1,"6":2,"7":10,"8":3,"9":4,"10":9},"fnMap":{"1":{"name":"onlyMinter","line":11,"loc":{"start":{"line":11,"column":4},"end":{"line":17,"column":4}}},"2":{"name":"onlyBridge","line":19,"loc":{"start":{"line":19,"column":4},"end":{"line":25,"column":4}}},"3":{"name":"constructor","line":29,"loc":{"start":{"line":27,"column":4},"end":{"line":30,"column":5}}},"4":{"name":"mint","line":32,"loc":{"start":{"line":32,"column":4},"end":{"line":34,"column":4}}},"5":{"name":"burn","line":36,"loc":{"start":{"line":36,"column":4},"end":{"line":38,"column":4}}},"6":{"name":"forceTransferFrom","line":44,"loc":{"start":{"line":40,"column":4},"end":{"line":47,"column":4}}},"7":{"name":"setMinter","line":49,"loc":{"start":{"line":49,"column":4},"end":{"line":51,"column":4}}},"8":{"name":"setBridge","line":53,"loc":{"start":{"line":53,"column":4},"end":{"line":55,"column":4}}},"9":{"name":"exists","line":57,"loc":{"start":{"line":57,"column":4},"end":{"line":59,"column":4}}},"10":{"name":"tokensOfOwner","line":61,"loc":{"start":{"line":61,"column":4},"end":{"line":78,"column":4}}}},"statementMap":{"1":{"start":{"line":12,"column":8},"end":{"line":12,"column":394}},"2":{"start":{"line":20,"column":8},"end":{"line":20,"column":557}},"3":{"start":{"line":33,"column":8},"end":{"line":33,"column":31}},"4":{"start":{"line":37,"column":8},"end":{"line":37,"column":21}},"5":{"start":{"line":46,"column":8},"end":{"line":46,"column":43}},"6":{"start":{"line":50,"column":8},"end":{"line":50,"column":31}},"7":{"start":{"line":54,"column":8},"end":{"line":54,"column":31}},"8":{"start":{"line":58,"column":8},"end":{"line":58,"column":31}},"9":{"start":{"line":66,"column":8},"end":{"line":66,"column":46}},"10":{"start":{"line":67,"column":8},"end":{"line":67,"column":1759}},"11":{"start":{"line":69,"column":12},"end":{"line":69,"column":35}},"12":{"start":{"line":71,"column":12},"end":{"line":71,"column":63}},"13":{"start":{"line":72,"column":12},"end":{"line":72,"column":25}},"14":{"start":{"line":73,"column":12},"end":{"line":73,"column":1981}},"15":{"start":{"line":74,"column":16},"end":{"line":74,"column":65}},"16":{"start":{"line":76,"column":12},"end":{"line":76,"column":25}}},"branchMap":{"1":{"line":12,"type":"if","locations":[{"start":{"line":12,"column":8},"end":{"line":12,"column":8}},{"start":{"line":12,"column":8},"end":{"line":12,"column":8}}]},"2":{"line":20,"type":"if","locations":[{"start":{"line":20,"column":8},"end":{"line":20,"column":8}},{"start":{"line":20,"column":8},"end":{"line":20,"column":8}}]},"3":{"line":67,"type":"if","locations":[{"start":{"line":67,"column":8},"end":{"line":67,"column":8}},{"start":{"line":67,"column":8},"end":{"line":67,"column":8}}]}}},"contracts/tokens/L2/L2SoulGems.sol":{"l":{"37":15,"38":15,"46":13,"50":13,"54":12,"58":11,"62":10,"66":9,"71":8,"72":8,"80":4,"84":4,"88":3,"92":2,"98":1,"99":1,"103":2,"104":2,"108":3,"109":3,"110":3,"111":3,"115":1,"119":1,"128":1,"153":7,"161":1,"169":1,"170":1,"195":5,"196":5,"197":30,"199":30,"200":30,"203":5,"212":5},"path":"/Users/ale/Desktop/Wizards/QuantumTunnel/contracts/tokens/L2/L2SoulGems.sol","s":{"1":15,"2":15,"3":13,"4":13,"5":12,"6":11,"7":10,"8":9,"9":8,"10":8,"11":4,"12":4,"13":3,"14":2,"15":1,"16":1,"17":2,"18":2,"19":3,"20":3,"21":3,"22":3,"23":1,"24":1,"25":1,"26":7,"27":1,"28":1,"29":1,"30":5,"31":5,"32":30,"33":30,"34":30,"35":5,"36":5},"b":{"1":[12,1],"2":[11,1],"3":[10,1],"4":[9,1],"5":[8,1],"6":[3,1],"7":[2,1],"8":[1,1]},"f":{"1":15,"2":13,"3":4,"4":2,"5":3,"6":1,"7":1,"8":1,"9":7,"10":1,"11":1,"12":5},"fnMap":{"1":{"name":"constructor","line":35,"loc":{"start":{"line":34,"column":4},"end":{"line":39,"column":4}}},"2":{"name":"bindToToken","line":41,"loc":{"start":{"line":41,"column":4},"end":{"line":73,"column":4}}},"3":{"name":"unBindFromToken","line":75,"loc":{"start":{"line":75,"column":4},"end":{"line":100,"column":4}}},"4":{"name":"reRollStats","line":102,"loc":{"start":{"line":102,"column":4},"end":{"line":105,"column":4}}},"5":{"name":"mintNextWithRoll","line":107,"loc":{"start":{"line":107,"column":4},"end":{"line":112,"column":4}}},"6":{"name":"setImgURI","line":114,"loc":{"start":{"line":114,"column":4},"end":{"line":116,"column":4}}},"7":{"name":"setAllowedTokens","line":118,"loc":{"start":{"line":118,"column":4},"end":{"line":120,"column":4}}},"8":{"name":"tokenURI","line":122,"loc":{"start":{"line":122,"column":4},"end":{"line":150,"column":4}}},"9":{"name":"getStats","line":152,"loc":{"start":{"line":152,"column":4},"end":{"line":154,"column":4}}},"10":{"name":"getStatsForToken","line":156,"loc":{"start":{"line":156,"column":4},"end":{"line":162,"column":4}}},"11":{"name":"_getFormattedStats","line":164,"loc":{"start":{"line":164,"column":4},"end":{"line":192,"column":4}}},"12":{"name":"_rollStats","line":194,"loc":{"start":{"line":194,"column":4},"end":{"line":213,"column":4}}}},"statementMap":{"1":{"start":{"line":37,"column":8},"end":{"line":37,"column":20}},"2":{"start":{"line":38,"column":8},"end":{"line":38,"column":31}},"3":{"start":{"line":46,"column":8},"end":{"line":46,"column":1154}},"4":{"start":{"line":50,"column":8},"end":{"line":50,"column":1274}},"5":{"start":{"line":54,"column":8},"end":{"line":54,"column":1391}},"6":{"start":{"line":58,"column":8},"end":{"line":58,"column":1509}},"7":{"start":{"line":62,"column":8},"end":{"line":62,"column":1645}},"8":{"start":{"line":66,"column":8},"end":{"line":66,"column":1766}},"9":{"start":{"line":71,"column":8},"end":{"line":71,"column":38}},"10":{"start":{"line":72,"column":8},"end":{"line":72,"column":41}},"11":{"start":{"line":80,"column":8},"end":{"line":80,"column":2097}},"12":{"start":{"line":84,"column":8},"end":{"line":84,"column":2217}},"13":{"start":{"line":88,"column":8},"end":{"line":88,"column":2335}},"14":{"start":{"line":92,"column":8},"end":{"line":92,"column":2471}},"15":{"start":{"line":98,"column":8},"end":{"line":98,"column":71}},"16":{"start":{"line":99,"column":8},"end":{"line":99,"column":37}},"17":{"start":{"line":103,"column":8},"end":{"line":103,"column":41}},"18":{"start":{"line":104,"column":8},"end":{"line":104,"column":32}},"19":{"start":{"line":108,"column":8},"end":{"line":108,"column":38}},"20":{"start":{"line":109,"column":8},"end":{"line":109,"column":31}},"21":{"start":{"line":110,"column":8},"end":{"line":110,"column":41}},"22":{"start":{"line":111,"column":8},"end":{"line":111,"column":33}},"23":{"start":{"line":115,"column":8},"end":{"line":115,"column":20}},"24":{"start":{"line":119,"column":8},"end":{"line":119,"column":36}},"25":{"start":{"line":128,"column":8},"end":{"line":128,"column":3494}},"26":{"start":{"line":153,"column":8},"end":{"line":153,"column":32}},"27":{"start":{"line":161,"column":8},"end":{"line":161,"column":51}},"28":{"start":{"line":169,"column":8},"end":{"line":169,"column":44}},"29":{"start":{"line":170,"column":8},"end":{"line":170,"column":4940}},"30":{"start":{"line":195,"column":8},"end":{"line":195,"column":30}},"31":{"start":{"line":196,"column":8},"end":{"line":196,"column":6121}},"32":{"start":{"line":197,"column":12},"end":{"line":197,"column":52}},"33":{"start":{"line":199,"column":12},"end":{"line":199,"column":49}},"34":{"start":{"line":200,"column":12},"end":{"line":200,"column":27}},"35":{"start":{"line":203,"column":8},"end":{"line":203,"column":6350}},"36":{"start":{"line":212,"column":8},"end":{"line":212,"column":19}}},"branchMap":{"1":{"line":50,"type":"if","locations":[{"start":{"line":50,"column":8},"end":{"line":50,"column":8}},{"start":{"line":50,"column":8},"end":{"line":50,"column":8}}]},"2":{"line":54,"type":"if","locations":[{"start":{"line":54,"column":8},"end":{"line":54,"column":8}},{"start":{"line":54,"column":8},"end":{"line":54,"column":8}}]},"3":{"line":58,"type":"if","locations":[{"start":{"line":58,"column":8},"end":{"line":58,"column":8}},{"start":{"line":58,"column":8},"end":{"line":58,"column":8}}]},"4":{"line":62,"type":"if","locations":[{"start":{"line":62,"column":8},"end":{"line":62,"column":8}},{"start":{"line":62,"column":8},"end":{"line":62,"column":8}}]},"5":{"line":66,"type":"if","locations":[{"start":{"line":66,"column":8},"end":{"line":66,"column":8}},{"start":{"line":66,"column":8},"end":{"line":66,"column":8}}]},"6":{"line":84,"type":"if","locations":[{"start":{"line":84,"column":8},"end":{"line":84,"column":8}},{"start":{"line":84,"column":8},"end":{"line":84,"column":8}}]},"7":{"line":88,"type":"if","locations":[{"start":{"line":88,"column":8},"end":{"line":88,"column":8}},{"start":{"line":88,"column":8},"end":{"line":88,"column":8}}]},"8":{"line":92,"type":"if","locations":[{"start":{"line":92,"column":8},"end":{"line":92,"column":8}},{"start":{"line":92,"column":8},"end":{"line":92,"column":8}}]}}},"contracts/utils/Base64.sol":{"l":{"13":1,"14":1,"17":1,"20":1,"22":1,"24":1,"70":1},"path":"/Users/ale/Desktop/Wizards/QuantumTunnel/contracts/utils/Base64.sol","s":{"1":1,"2":1,"3":0,"4":1,"5":1,"6":1,"7":1},"b":{"1":[0,1]},"f":{"1":1},"fnMap":{"1":{"name":"encode","line":12,"loc":{"start":{"line":12,"column":4},"end":{"line":71,"column":4}}}},"statementMap":{"1":{"start":{"line":13,"column":8},"end":{"line":13,"column":33}},"2":{"start":{"line":14,"column":8},"end":{"line":14,"column":31}},"3":{"start":{"line":14,"column":22},"end":{"line":14,"column":31}},"4":{"start":{"line":17,"column":8},"end":{"line":17,"column":48}},"5":{"start":{"line":20,"column":8},"end":{"line":20,"column":56}},"6":{"start":{"line":22,"column":8},"end":{"line":22,"column":34}},"7":{"start":{"line":70,"column":8},"end":{"line":70,"column":29}}},"branchMap":{"1":{"line":14,"type":"if","locations":[{"start":{"line":14,"column":8},"end":{"line":14,"column":8}},{"start":{"line":14,"column":8},"end":{"line":14,"column":8}}]}}},"contracts/utils/GlobalRandom.sol":{"l":{"8":34,"18":34,"19":34},"path":"/Users/ale/Desktop/Wizards/QuantumTunnel/contracts/utils/GlobalRandom.sol","s":{"1":34,"2":34,"3":34},"b":{},"f":{"1":34},"fnMap":{"1":{"name":"getRandSeed","line":7,"loc":{"start":{"line":7,"column":4},"end":{"line":20,"column":4}}}},"statementMap":{"1":{"start":{"line":8,"column":8},"end":{"line":8,"column":186}},"2":{"start":{"line":18,"column":8},"end":{"line":18,"column":23}},"3":{"start":{"line":19,"column":8},"end":{"line":19,"column":20}}},"branchMap":{}},"contracts/utils/StringUtils.sol":{"l":{"52":6,"53":0,"56":0,"57":0,"61":6,"62":6,"75":12,"76":12,"79":12,"88":6,"89":6,"90":6,"94":6,"95":6,"106":1577,"107":1577,"109":1577,"110":1577,"111":1577,"113":1577,"114":1577,"118":1577,"119":1577,"120":1577,"124":1577,"125":16972,"126":16971,"127":16971,"131":1576,"134":0,"135":0,"139":0,"140":0,"141":0,"144":0,"145":0,"149":0,"167":1577,"168":1577,"169":1577,"170":1577,"172":1,"174":1576,"175":1576,"177":1577,"194":1577,"207":8,"208":2,"210":6,"211":6,"212":6,"213":12,"214":12,"216":6,"217":6,"218":12,"219":12,"220":12,"222":6},"path":"/Users/ale/Desktop/Wizards/QuantumTunnel/contracts/utils/StringUtils.sol","s":{"1":6,"2":0,"3":0,"4":6,"5":12,"6":12,"7":6,"8":6,"9":6,"10":6,"11":1577,"12":1577,"13":1577,"14":1577,"15":1577,"16":1577,"17":1577,"18":1577,"19":1577,"20":16972,"21":1,"22":1576,"23":0,"24":0,"25":0,"26":0,"27":0,"28":0,"29":0,"30":1577,"31":1577,"32":1577,"33":1577,"34":1,"35":1576,"36":1576,"37":1577,"38":1577,"39":8,"40":2,"41":6,"42":6,"43":6,"44":12,"45":6,"46":6,"47":12,"48":12,"49":12,"50":6},"b":{"1":[1577,0],"2":[1577,0],"3":[1,16971],"4":[0,0],"5":[1,1576],"6":[2,6]},"f":{"1":6,"2":12,"3":6,"4":1577,"5":1577,"6":1577,"7":8},"fnMap":{"1":{"name":"memcpy","line":46,"loc":{"start":{"line":46,"column":4},"end":{"line":67,"column":4}}},"2":{"name":"toSlice","line":74,"loc":{"start":{"line":74,"column":4},"end":{"line":80,"column":4}}},"3":{"name":"toString","line":87,"loc":{"start":{"line":87,"column":4},"end":{"line":96,"column":4}}},"4":{"name":"findPtr","line":100,"loc":{"start":{"line":100,"column":4},"end":{"line":150,"column":4}}},"5":{"name":"split","line":162,"loc":{"start":{"line":162,"column":4},"end":{"line":178,"column":4}}},"6":{"name":"split","line":189,"loc":{"start":{"line":189,"column":4},"end":{"line":195,"column":4}}},"7":{"name":"stringFromUint","line":199,"loc":{"start":{"line":199,"column":4},"end":{"line":223,"column":4}}}},"statementMap":{"1":{"start":{"line":52,"column":8},"end":{"line":52,"column":2305}},"2":{"start":{"line":56,"column":12},"end":{"line":56,"column":21}},"3":{"start":{"line":57,"column":12},"end":{"line":57,"column":20}},"4":{"start":{"line":61,"column":8},"end":{"line":61,"column":42}},"5":{"start":{"line":75,"column":8},"end":{"line":75,"column":19}},"6":{"start":{"line":79,"column":8},"end":{"line":79,"column":45}},"7":{"start":{"line":88,"column":8},"end":{"line":88,"column":49}},"8":{"start":{"line":89,"column":8},"end":{"line":89,"column":22}},"9":{"start":{"line":94,"column":8},"end":{"line":94,"column":43}},"10":{"start":{"line":95,"column":8},"end":{"line":95,"column":18}},"11":{"start":{"line":106,"column":8},"end":{"line":106,"column":29}},"12":{"start":{"line":107,"column":8},"end":{"line":107,"column":19}},"13":{"start":{"line":109,"column":8},"end":{"line":109,"column":3986}},"14":{"start":{"line":110,"column":12},"end":{"line":110,"column":4030}},"15":{"start":{"line":111,"column":16},"end":{"line":111,"column":72}},"16":{"start":{"line":113,"column":16},"end":{"line":113,"column":34}},"17":{"start":{"line":118,"column":16},"end":{"line":118,"column":59}},"18":{"start":{"line":119,"column":16},"end":{"line":119,"column":31}},"19":{"start":{"line":124,"column":16},"end":{"line":124,"column":4485}},"20":{"start":{"line":125,"column":20},"end":{"line":125,"column":60}},"21":{"start":{"line":125,"column":36},"end":{"line":125,"column":60}},"22":{"start":{"line":131,"column":16},"end":{"line":131,"column":26}},"23":{"start":{"line":134,"column":16},"end":{"line":134,"column":28}},"24":{"start":{"line":139,"column":16},"end":{"line":139,"column":4984}},"25":{"start":{"line":140,"column":20},"end":{"line":140,"column":36}},"26":{"start":{"line":144,"column":20},"end":{"line":144,"column":52}},"27":{"start":{"line":144,"column":42},"end":{"line":144,"column":52}},"28":{"start":{"line":145,"column":20},"end":{"line":145,"column":27}},"29":{"start":{"line":149,"column":8},"end":{"line":149,"column":32}},"30":{"start":{"line":167,"column":8},"end":{"line":167,"column":77}},"31":{"start":{"line":168,"column":8},"end":{"line":168,"column":29}},"32":{"start":{"line":169,"column":8},"end":{"line":169,"column":35}},"33":{"start":{"line":170,"column":8},"end":{"line":170,"column":6152}},"34":{"start":{"line":172,"column":12},"end":{"line":172,"column":24}},"35":{"start":{"line":174,"column":12},"end":{"line":174,"column":48}},"36":{"start":{"line":175,"column":12},"end":{"line":175,"column":40}},"37":{"start":{"line":177,"column":8},"end":{"line":177,"column":20}},"38":{"start":{"line":194,"column":8},"end":{"line":194,"column":33}},"39":{"start":{"line":207,"column":8},"end":{"line":207,"column":7366}},"40":{"start":{"line":208,"column":12},"end":{"line":208,"column":22}},"41":{"start":{"line":210,"column":8},"end":{"line":210,"column":28}},"42":{"start":{"line":211,"column":8},"end":{"line":211,"column":22}},"43":{"start":{"line":212,"column":8},"end":{"line":212,"column":7480}},"44":{"start":{"line":214,"column":12},"end":{"line":214,"column":21}},"45":{"start":{"line":216,"column":8},"end":{"line":216,"column":47}},"46":{"start":{"line":217,"column":8},"end":{"line":217,"column":7613}},"47":{"start":{"line":218,"column":12},"end":{"line":218,"column":22}},"48":{"start":{"line":219,"column":12},"end":{"line":219,"column":67}},"49":{"start":{"line":220,"column":12},"end":{"line":220,"column":22}},"50":{"start":{"line":222,"column":8},"end":{"line":222,"column":29}}},"branchMap":{"1":{"line":109,"type":"if","locations":[{"start":{"line":109,"column":8},"end":{"line":109,"column":8}},{"start":{"line":109,"column":8},"end":{"line":109,"column":8}}]},"2":{"line":110,"type":"if","locations":[{"start":{"line":110,"column":12},"end":{"line":110,"column":12}},{"start":{"line":110,"column":12},"end":{"line":110,"column":12}}]},"3":{"line":125,"type":"if","locations":[{"start":{"line":125,"column":20},"end":{"line":125,"column":20}},{"start":{"line":125,"column":20},"end":{"line":125,"column":20}}]},"4":{"line":144,"type":"if","locations":[{"start":{"line":144,"column":20},"end":{"line":144,"column":20}},{"start":{"line":144,"column":20},"end":{"line":144,"column":20}}]},"5":{"line":170,"type":"if","locations":[{"start":{"line":170,"column":8},"end":{"line":170,"column":8}},{"start":{"line":170,"column":8},"end":{"line":170,"column":8}}]},"6":{"line":207,"type":"if","locations":[{"start":{"line":207,"column":8},"end":{"line":207,"column":8}},{"start":{"line":207,"column":8},"end":{"line":207,"column":8}}]}}},"contracts/xchain/QuantumTunnelL1.sol":{"l":{"46":4,"47":3,"51":2,"56":1,"62":1,"64":1,"71":1,"79":2,"85":2,"87":2,"101":1,"102":1,"103":1,"110":1,"118":1,"126":1,"135":1,"139":1},"path":"/Users/ale/Desktop/Wizards/QuantumTunnel/contracts/xchain/QuantumTunnelL1.sol","s":{"1":4,"2":3,"3":2,"4":1,"5":1,"6":1,"7":1,"8":2,"9":2,"10":2,"11":1,"12":1,"13":1,"14":1,"15":1,"16":1,"17":1,"18":1},"b":{"1":[3,1],"2":[2,1],"3":[1,1]},"f":{"1":3,"2":4,"3":2,"4":1,"5":1,"6":1,"7":1,"8":1},"fnMap":{"1":{"name":"constructor","line":33,"loc":{"start":{"line":33,"column":4},"end":{"line":33,"column":74}}},"2":{"name":"spawnAltToken","line":41,"loc":{"start":{"line":41,"column":4},"end":{"line":72,"column":4}}},"3":{"name":"estimateMessageFee","line":74,"loc":{"start":{"line":74,"column":4},"end":{"line":92,"column":4}}},"4":{"name":"executeXCallMintRewards","line":96,"loc":{"start":{"line":96,"column":4},"end":{"line":106,"column":4}}},"5":{"name":"enableToken","line":109,"loc":{"start":{"line":109,"column":4},"end":{"line":111,"column":4}}},"6":{"name":"setBridgeMintableNFT","line":116,"loc":{"start":{"line":114,"column":4},"end":{"line":119,"column":4}}},"7":{"name":"setDestinationReceiver","line":124,"loc":{"start":{"line":122,"column":4},"end":{"line":127,"column":4}}},"8":{"name":"_nonblockingLzReceive","line":129,"loc":{"start":{"line":129,"column":4},"end":{"line":140,"column":4}}}},"statementMap":{"1":{"start":{"line":46,"column":8},"end":{"line":46,"column":76}},"2":{"start":{"line":47,"column":8},"end":{"line":47,"column":1754}},"3":{"start":{"line":51,"column":8},"end":{"line":51,"column":1899}},"4":{"start":{"line":56,"column":8},"end":{"line":56,"column":2026}},"5":{"start":{"line":62,"column":8},"end":{"line":62,"column":57}},"6":{"start":{"line":64,"column":8},"end":{"line":64,"column":2285}},"7":{"start":{"line":71,"column":8},"end":{"line":71,"column":69}},"8":{"start":{"line":79,"column":8},"end":{"line":79,"column":2676}},"9":{"start":{"line":85,"column":8},"end":{"line":85,"column":57}},"10":{"start":{"line":87,"column":8},"end":{"line":87,"column":2935}},"11":{"start":{"line":101,"column":8},"end":{"line":101,"column":3439}},"12":{"start":{"line":102,"column":12},"end":{"line":102,"column":3499}},"13":{"start":{"line":103,"column":16},"end":{"line":103,"column":75}},"14":{"start":{"line":110,"column":8},"end":{"line":110,"column":36}},"15":{"start":{"line":118,"column":8},"end":{"line":118,"column":45}},"16":{"start":{"line":126,"column":8},"end":{"line":126,"column":46}},"17":{"start":{"line":135,"column":8},"end":{"line":135,"column":4405}},"18":{"start":{"line":139,"column":8},"end":{"line":139,"column":73}}},"branchMap":{"1":{"line":46,"type":"if","locations":[{"start":{"line":46,"column":8},"end":{"line":46,"column":8}},{"start":{"line":46,"column":8},"end":{"line":46,"column":8}}]},"2":{"line":47,"type":"if","locations":[{"start":{"line":47,"column":8},"end":{"line":47,"column":8}},{"start":{"line":47,"column":8},"end":{"line":47,"column":8}}]},"3":{"line":51,"type":"if","locations":[{"start":{"line":51,"column":8},"end":{"line":51,"column":8}},{"start":{"line":51,"column":8},"end":{"line":51,"column":8}}]}}},"contracts/xchain/QuantumTunnelL2.sol":{"l":{"28":3,"34":5,"36":4,"41":4,"43":3,"45":3,"52":3,"54":3,"67":3,"72":3,"79":3,"81":3,"94":8,"98":8,"99":1,"102":2,"111":1,"116":2,"121":1,"130":8,"134":8},"path":"/Users/ale/Desktop/Wizards/QuantumTunnel/contracts/xchain/QuantumTunnelL2.sol","s":{"1":3,"2":5,"3":4,"4":4,"5":3,"6":3,"7":3,"8":3,"9":3,"10":3,"11":3,"12":3,"13":8,"14":8,"15":1,"16":2,"17":1,"18":2,"19":1,"20":8,"21":8},"b":{"1":[4,1],"2":[3,1],"3":[1,2]},"f":{"1":3,"2":5,"3":3,"4":8,"5":1,"6":2,"7":1,"8":8},"fnMap":{"1":{"name":"constructor","line":26,"loc":{"start":{"line":24,"column":4},"end":{"line":29,"column":4}}},"2":{"name":"mintRewardsOriginChain","line":33,"loc":{"start":{"line":33,"column":4},"end":{"line":60,"column":4}}},"3":{"name":"estimateMessageFee","line":62,"loc":{"start":{"line":62,"column":4},"end":{"line":86,"column":4}}},"4":{"name":"executeXCallMintAltToken","line":89,"loc":{"start":{"line":89,"column":4},"end":{"line":104,"column":4}}},"5":{"name":"mapContract","line":109,"loc":{"start":{"line":107,"column":4},"end":{"line":112,"column":4}}},"6":{"name":"setL1QuantumTunnel","line":115,"loc":{"start":{"line":115,"column":4},"end":{"line":117,"column":4}}},"7":{"name":"setRewardsManager","line":120,"loc":{"start":{"line":120,"column":4},"end":{"line":122,"column":4}}},"8":{"name":"_nonblockingLzReceive","line":124,"loc":{"start":{"line":124,"column":4},"end":{"line":139,"column":4}}}},"statementMap":{"1":{"start":{"line":28,"column":8},"end":{"line":28,"column":31}},"2":{"start":{"line":34,"column":8},"end":{"line":34,"column":78}},"3":{"start":{"line":36,"column":8},"end":{"line":36,"column":1262}},"4":{"start":{"line":41,"column":8},"end":{"line":41,"column":71}},"5":{"start":{"line":43,"column":8},"end":{"line":43,"column":54}},"6":{"start":{"line":45,"column":8},"end":{"line":45,"column":1508}},"7":{"start":{"line":52,"column":8},"end":{"line":52,"column":57}},"8":{"start":{"line":54,"column":8},"end":{"line":54,"column":1789}},"9":{"start":{"line":67,"column":8},"end":{"line":67,"column":2092}},"10":{"start":{"line":72,"column":8},"end":{"line":72,"column":2205}},"11":{"start":{"line":79,"column":8},"end":{"line":79,"column":57}},"12":{"start":{"line":81,"column":8},"end":{"line":81,"column":2480}},"13":{"start":{"line":94,"column":8},"end":{"line":94,"column":2863}},"14":{"start":{"line":98,"column":8},"end":{"line":98,"column":3018}},"15":{"start":{"line":99,"column":12},"end":{"line":99,"column":77}},"16":{"start":{"line":102,"column":12},"end":{"line":102,"column":40}},"17":{"start":{"line":111,"column":8},"end":{"line":111,"column":48}},"18":{"start":{"line":116,"column":8},"end":{"line":116,"column":41}},"19":{"start":{"line":121,"column":8},"end":{"line":121,"column":25}},"20":{"start":{"line":130,"column":8},"end":{"line":130,"column":3991}},"21":{"start":{"line":134,"column":8},"end":{"line":134,"column":4118}}},"branchMap":{"1":{"line":34,"type":"if","locations":[{"start":{"line":34,"column":8},"end":{"line":34,"column":8}},{"start":{"line":34,"column":8},"end":{"line":34,"column":8}}]},"2":{"line":41,"type":"if","locations":[{"start":{"line":41,"column":8},"end":{"line":41,"column":8}},{"start":{"line":41,"column":8},"end":{"line":41,"column":8}}]},"3":{"line":98,"type":"if","locations":[{"start":{"line":98,"column":8},"end":{"line":98,"column":8}},{"start":{"line":98,"column":8},"end":{"line":98,"column":8}}]}}},"contracts/xchain/RewardsManager.sol":{"l":{"20":3,"24":3,"28":2,"36":5,"38":5,"40":5,"41":6,"44":6,"46":6,"47":13,"48":10,"50":3,"53":6,"54":6,"57":5,"64":2,"65":2,"66":2,"75":2,"76":2,"77":2,"81":1},"path":"/Users/ale/Desktop/Wizards/QuantumTunnel/contracts/xchain/RewardsManager.sol","s":{"1":3,"2":3,"3":5,"4":5,"5":5,"6":6,"7":6,"8":6,"9":13,"10":10,"11":3,"12":6,"13":6,"14":5,"15":2,"16":2,"17":2,"18":2,"19":2,"20":2,"21":1},"b":{"1":[2,1],"2":[10,3]},"f":{"1":3,"2":3,"3":5,"4":2,"5":2,"6":1},"fnMap":{"1":{"name":"constructor","line":19,"loc":{"start":{"line":19,"column":4},"end":{"line":21,"column":4}}},"2":{"name":"onlyBridge","line":23,"loc":{"start":{"line":23,"column":4},"end":{"line":29,"column":4}}},"3":{"name":"getUnclaimedRewards","line":31,"loc":{"start":{"line":31,"column":4},"end":{"line":58,"column":4}}},"4":{"name":"setAsClaimed","line":62,"loc":{"start":{"line":60,"column":4},"end":{"line":69,"column":4}}},"5":{"name":"addRewardToken","line":73,"loc":{"start":{"line":71,"column":4},"end":{"line":78,"column":4}}},"6":{"name":"setBridge","line":80,"loc":{"start":{"line":80,"column":4},"end":{"line":82,"column":4}}}},"statementMap":{"1":{"start":{"line":20,"column":8},"end":{"line":20,"column":23}},"2":{"start":{"line":24,"column":8},"end":{"line":24,"column":634}},"3":{"start":{"line":36,"column":8},"end":{"line":36,"column":67}},"4":{"start":{"line":38,"column":8},"end":{"line":38,"column":68}},"5":{"start":{"line":40,"column":8},"end":{"line":40,"column":1049}},"6":{"start":{"line":41,"column":12},"end":{"line":41,"column":1139}},"7":{"start":{"line":44,"column":12},"end":{"line":44,"column":67}},"8":{"start":{"line":46,"column":12},"end":{"line":46,"column":1301}},"9":{"start":{"line":47,"column":16},"end":{"line":47,"column":1370}},"10":{"start":{"line":48,"column":20},"end":{"line":48,"column":43}},"11":{"start":{"line":50,"column":20},"end":{"line":50,"column":48}},"12":{"start":{"line":53,"column":12},"end":{"line":53,"column":25}},"13":{"start":{"line":54,"column":12},"end":{"line":54,"column":52}},"14":{"start":{"line":57,"column":8},"end":{"line":57,"column":28}},"15":{"start":{"line":64,"column":8},"end":{"line":64,"column":1828}},"16":{"start":{"line":65,"column":12},"end":{"line":65,"column":1888}},"17":{"start":{"line":66,"column":16},"end":{"line":66,"column":64}},"18":{"start":{"line":75,"column":8},"end":{"line":75,"column":34}},"19":{"start":{"line":76,"column":8},"end":{"line":76,"column":43}},"20":{"start":{"line":77,"column":8},"end":{"line":77,"column":43}},"21":{"start":{"line":81,"column":8},"end":{"line":81,"column":23}}},"branchMap":{"1":{"line":24,"type":"if","locations":[{"start":{"line":24,"column":8},"end":{"line":24,"column":8}},{"start":{"line":24,"column":8},"end":{"line":24,"column":8}}]},"2":{"line":47,"type":"if","locations":[{"start":{"line":47,"column":16},"end":{"line":47,"column":16}},{"start":{"line":47,"column":16},"end":{"line":47,"column":16}}]}}},"contracts/xchain/XChainUtils.sol":{"l":{"25":4,"26":4,"27":4,"32":4,"39":4,"45":3,"60":5,"61":5,"62":5,"67":5,"75":5},"path":"/Users/ale/Desktop/Wizards/QuantumTunnel/contracts/xchain/XChainUtils.sol","s":{"1":4,"2":4,"3":4,"4":4,"5":4,"6":3,"7":5,"8":5,"9":5,"10":5,"11":5},"b":{"1":[3,1]},"f":{"1":4,"2":5},"fnMap":{"1":{"name":"_sendPayload","line":19,"loc":{"start":{"line":19,"column":4},"end":{"line":53,"column":4}}},"2":{"name":"_estimateMessageFee","line":55,"loc":{"start":{"line":55,"column":4},"end":{"line":76,"column":4}}}},"statementMap":{"1":{"start":{"line":25,"column":8},"end":{"line":25,"column":26}},"2":{"start":{"line":26,"column":8},"end":{"line":26,"column":51}},"3":{"start":{"line":27,"column":8},"end":{"line":27,"column":682}},"4":{"start":{"line":32,"column":8},"end":{"line":32,"column":809}},"5":{"start":{"line":39,"column":8},"end":{"line":39,"column":992}},"6":{"start":{"line":45,"column":8},"end":{"line":45,"column":1159}},"7":{"start":{"line":60,"column":8},"end":{"line":60,"column":26}},"8":{"start":{"line":61,"column":8},"end":{"line":61,"column":51}},"9":{"start":{"line":62,"column":8},"end":{"line":62,"column":1638}},"10":{"start":{"line":67,"column":8},"end":{"line":67,"column":1765}},"11":{"start":{"line":75,"column":8},"end":{"line":75,"column":27}}},"branchMap":{"1":{"line":39,"type":"if","locations":[{"start":{"line":39,"column":8},"end":{"line":39,"column":8}},{"start":{"line":39,"column":8},"end":{"line":39,"column":8}}]}}}}